{
  "stats": {
    "suites": 1,
    "tests": 1,
    "passes": 1,
    "pending": 0,
    "failures": 0,
    "start": "2017-11-20T14:04:38.339Z",
    "end": "2017-11-20T14:04:38.339Z",
    "duration": 0,
    "testsRegistered": 1,
    "passPercent": 100,
    "pendingPercent": 0,
    "other": 0,
    "hasOther": false,
    "skipped": 0,
    "hasSkipped": false,
    "passPercentClass": "success",
    "pendingPercentClass": "danger"
  },
  "suites": {
    "title": "",
    "suites": [
      {
        "title": "convert json to json",
        "suites": [],
        "tests": [
          {
            "title": "json convert",
            "fullTitle": "convert json to json json convert",
            "timedOut": false,
            "duration": 0,
            "state": "passed",
            "speed": "fast",
            "pass": true,
            "fail": false,
            "pending": false,
            "code": "const json = {\n  a: {\n    s: 1\n  },\n  c: 4,\n  d: [{\n    c: 3\n  }]\n};\nassert.deepEqual(jsonConvert(json, {'a.s': 't.x', c: 'd', 'd.0.c': 'x'}), {\n  t: {\n    x: 1\n  },\n  d: 4,\n  x: 3\n});",
            "err": {},
            "isRoot": false,
            "uuid": "57a12e02-89c8-43df-ac6d-3f3b35abcf3f",
            "parentUUID": "bbea163b-0c67-4f52-af7f-30b86a9749df",
            "isHook": false,
            "skipped": false
          }
        ],
        "pending": [],
        "root": false,
        "_timeout": 2000,
        "file": "\\.tmp\\mocha-webpack\\1511186599380\\bundle.js",
        "uuid": "bbea163b-0c67-4f52-af7f-30b86a9749df",
        "beforeHooks": [],
        "afterHooks": [],
        "fullFile": "F:\\技术学习与研究\\github\\json-convert\\.tmp\\mocha-webpack\\1511186599380\\bundle.js",
        "passes": [
          {
            "title": "json convert",
            "fullTitle": "convert json to json json convert",
            "timedOut": false,
            "duration": 0,
            "state": "passed",
            "speed": "fast",
            "pass": true,
            "fail": false,
            "pending": false,
            "code": "const json = {\n  a: {\n    s: 1\n  },\n  c: 4,\n  d: [{\n    c: 3\n  }]\n};\nassert.deepEqual(jsonConvert(json, {'a.s': 't.x', c: 'd', 'd.0.c': 'x'}), {\n  t: {\n    x: 1\n  },\n  d: 4,\n  x: 3\n});",
            "err": {},
            "isRoot": false,
            "uuid": "57a12e02-89c8-43df-ac6d-3f3b35abcf3f",
            "parentUUID": "bbea163b-0c67-4f52-af7f-30b86a9749df",
            "isHook": false,
            "skipped": false
          }
        ],
        "failures": [],
        "skipped": [],
        "hasBeforeHooks": false,
        "hasAfterHooks": false,
        "hasTests": true,
        "hasSuites": false,
        "totalTests": 1,
        "totalPasses": 1,
        "totalFailures": 0,
        "totalPending": 0,
        "totalSkipped": 0,
        "hasPasses": true,
        "hasFailures": false,
        "hasPending": false,
        "hasSkipped": false,
        "duration": 0,
        "rootEmpty": false
      }
    ],
    "tests": [],
    "pending": [],
    "root": true,
    "_timeout": 2000,
    "uuid": "b0717e0f-0e95-4b83-a5ab-67f2fda33185",
    "beforeHooks": [],
    "afterHooks": [],
    "fullFile": "",
    "file": "",
    "passes": [],
    "failures": [],
    "skipped": [],
    "hasBeforeHooks": false,
    "hasAfterHooks": false,
    "hasTests": false,
    "hasSuites": true,
    "totalTests": 0,
    "totalPasses": 0,
    "totalFailures": 0,
    "totalPending": 0,
    "totalSkipped": 0,
    "hasPasses": false,
    "hasFailures": false,
    "hasPending": false,
    "hasSkipped": false,
    "duration": 0,
    "rootEmpty": true
  },
  "allTests": [
    {
      "title": "json convert",
      "fullTitle": "convert json to json json convert",
      "timedOut": false,
      "duration": 0,
      "state": "passed",
      "speed": "fast",
      "pass": true,
      "fail": false,
      "pending": false,
      "code": "const json = {\n  a: {\n    s: 1\n  },\n  c: 4,\n  d: [{\n    c: 3\n  }]\n};\nassert.deepEqual(jsonConvert(json, {'a.s': 't.x', c: 'd', 'd.0.c': 'x'}), {\n  t: {\n    x: 1\n  },\n  d: 4,\n  x: 3\n});",
      "err": {},
      "isRoot": false,
      "uuid": "57a12e02-89c8-43df-ac6d-3f3b35abcf3f",
      "parentUUID": "bbea163b-0c67-4f52-af7f-30b86a9749df",
      "isHook": false,
      "skipped": false
    }
  ],
  "allPending": [],
  "allPasses": [
    {
      "title": "json convert",
      "fullTitle": "convert json to json json convert",
      "timedOut": false,
      "duration": 0,
      "state": "passed",
      "speed": "fast",
      "pass": true,
      "fail": false,
      "pending": false,
      "code": "const json = {\n  a: {\n    s: 1\n  },\n  c: 4,\n  d: [{\n    c: 3\n  }]\n};\nassert.deepEqual(jsonConvert(json, {'a.s': 't.x', c: 'd', 'd.0.c': 'x'}), {\n  t: {\n    x: 1\n  },\n  d: 4,\n  x: 3\n});",
      "err": {},
      "isRoot": false,
      "uuid": "57a12e02-89c8-43df-ac6d-3f3b35abcf3f",
      "parentUUID": "bbea163b-0c67-4f52-af7f-30b86a9749df",
      "isHook": false,
      "skipped": false
    }
  ],
  "allFailures": [],
  "copyrightYear": 2017
}